<?xml version="1.0" encoding="UTF-8"?>
<robot generator="Robot 7.3.2 (Python 3.13.5 on win32)" generated="2025-07-15T09:21:27.004039" rpa="false" schemaversion="5">
<suite id="s1" name="Basicrobot" source="D:\654259023\python\138.0.7204.92\test\basicrobot.robot">
<test id="s1-t1" name="Search Google and Verify Results TC1001" line="13">
<kw name="Open Google">
<kw name="Open Browser" owner="SeleniumLibrary">
<msg time="2025-07-15T09:21:28.694799" level="INFO">Opening browser 'chrome' to base url 'https://www.google.com'.</msg>
<arg>${URL}</arg>
<arg>${BROWSER}</arg>
<doc>Opens a new browser instance to the optional ``url``.</doc>
<status status="PASS" start="2025-07-15T09:21:28.694621" elapsed="24.400618"/>
</kw>
<status status="PASS" start="2025-07-15T09:21:28.693892" elapsed="24.402090"/>
</kw>
<kw name="Input Search Term">
<kw name="Input Text" owner="SeleniumLibrary">
<msg time="2025-07-15T09:21:53.097194" level="INFO">Typing text 'robot' into text field 'name=q'.</msg>
<arg>name=q</arg>
<arg>${SEARCH_TERM1}</arg>
<doc>Types the given ``text`` into the text field identified by ``locator``.</doc>
<status status="PASS" start="2025-07-15T09:21:53.096762" elapsed="0.061296"/>
</kw>
<status status="PASS" start="2025-07-15T09:21:53.096477" elapsed="0.061781"/>
</kw>
<kw name="Enter Google Search">
<kw name="Press Keys" owner="SeleniumLibrary">
<msg time="2025-07-15T09:21:53.160434" level="INFO">Sending key(s) ('ENTER',) to name=q element.</msg>
<msg time="2025-07-15T09:21:53.443668" level="INFO">Pressing special key ENTER to element.</msg>
<msg time="2025-07-15T09:21:53.443761" level="INFO">Releasing special key ENTER.</msg>
<arg>name=q</arg>
<arg>ENTER</arg>
<doc>Simulates the user pressing key(s) to an element or on the active browser.</doc>
<status status="PASS" start="2025-07-15T09:21:53.159811" elapsed="0.290099"/>
</kw>
<status status="PASS" start="2025-07-15T09:21:53.159014" elapsed="0.290986"/>
</kw>
<kw name="Verify Search Results">
<kw name="Page Should Contain" owner="SeleniumLibrary">
<msg time="2025-07-15T09:21:53.460134" level="INFO">Current page contains text 'Robot'.</msg>
<arg>${SEARCH_RESULT1}</arg>
<doc>Verifies that current page contains ``text``.</doc>
<status status="PASS" start="2025-07-15T09:21:53.450440" elapsed="0.009786"/>
</kw>
<status status="PASS" start="2025-07-15T09:21:53.450237" elapsed="0.010070"/>
</kw>
<kw name="Capture Page Screenshot" owner="SeleniumLibrary">
<msg time="2025-07-15T09:21:57.462418" level="INFO" html="true">&lt;/td&gt;&lt;/tr&gt;&lt;tr&gt;&lt;td colspan="3"&gt;&lt;a href="selenium-screenshot-1.png"&gt;&lt;img src="selenium-screenshot-1.png" width="800px"&gt;&lt;/a&gt;</msg>
<doc>Takes a screenshot of the current page and embeds it into a log file.</doc>
<status status="PASS" start="2025-07-15T09:21:53.460517" elapsed="4.001989"/>
</kw>
<kw name="Close Browser" owner="SeleniumLibrary">
<doc>Closes the current browser.</doc>
<status status="PASS" start="2025-07-15T09:21:57.462705" elapsed="2.111414"/>
</kw>
<doc>Test case to search Google and verify results</doc>
<tag>search</tag>
<status status="PASS" start="2025-07-15T09:21:28.693305" elapsed="30.881568"/>
</test>
<test id="s1-t2" name="Search Google and Verify Results TC1002" line="23">
<kw name="Open Google">
<kw name="Open Browser" owner="SeleniumLibrary">
<msg time="2025-07-15T09:21:59.578293" level="INFO">Opening browser 'chrome' to base url 'https://www.google.com'.</msg>
<arg>${URL}</arg>
<arg>${BROWSER}</arg>
<doc>Opens a new browser instance to the optional ``url``.</doc>
<status status="PASS" start="2025-07-15T09:21:59.577975" elapsed="2.889708"/>
</kw>
<status status="PASS" start="2025-07-15T09:21:59.577258" elapsed="2.890675"/>
</kw>
<kw name="Input Search Term 2">
<kw name="Input Text" owner="SeleniumLibrary">
<msg time="2025-07-15T09:22:02.468700" level="INFO">Typing text 'java' into text field 'name=q'.</msg>
<arg>name=q</arg>
<arg>${SEARCH_TERM2}</arg>
<doc>Types the given ``text`` into the text field identified by ``locator``.</doc>
<status status="PASS" start="2025-07-15T09:22:02.468495" elapsed="0.046916"/>
</kw>
<status status="PASS" start="2025-07-15T09:22:02.468269" elapsed="0.047238"/>
</kw>
<kw name="Enter Google Search">
<kw name="Press Keys" owner="SeleniumLibrary">
<msg time="2025-07-15T09:22:02.516425" level="INFO">Sending key(s) ('ENTER',) to name=q element.</msg>
<msg time="2025-07-15T09:22:02.798409" level="INFO">Pressing special key ENTER to element.</msg>
<msg time="2025-07-15T09:22:02.798515" level="INFO">Releasing special key ENTER.</msg>
<arg>name=q</arg>
<arg>ENTER</arg>
<doc>Simulates the user pressing key(s) to an element or on the active browser.</doc>
<status status="PASS" start="2025-07-15T09:22:02.516094" elapsed="0.288490"/>
</kw>
<status status="PASS" start="2025-07-15T09:22:02.515802" elapsed="0.288867"/>
</kw>
<kw name="Verify Search Results 2">
<kw name="Page Should Contain" owner="SeleniumLibrary">
<msg time="2025-07-15T09:22:05.952253" level="INFO" html="true">&lt;/td&gt;&lt;/tr&gt;&lt;tr&gt;&lt;td colspan="3"&gt;&lt;a href="selenium-screenshot-2.png"&gt;&lt;img src="selenium-screenshot-2.png" width="800px"&gt;&lt;/a&gt;</msg>
<msg time="2025-07-15T09:22:05.952409" level="FAIL">Page should have contained text 'Java' but did not.</msg>
<arg>${SEARCH_RESULT2}</arg>
<doc>Verifies that current page contains ``text``.</doc>
<status status="FAIL" start="2025-07-15T09:22:02.805096" elapsed="3.148725">Page should have contained text 'Java' but did not.</status>
</kw>
<status status="FAIL" start="2025-07-15T09:22:02.804900" elapsed="3.149069">Page should have contained text 'Java' but did not.</status>
</kw>
<kw name="Capture Page Screenshot" owner="SeleniumLibrary">
<doc>Takes a screenshot of the current page and embeds it into a log file.</doc>
<status status="NOT RUN" start="2025-07-15T09:22:05.954235" elapsed="0.000028"/>
</kw>
<kw name="Close Browser" owner="SeleniumLibrary">
<doc>Closes the current browser.</doc>
<status status="NOT RUN" start="2025-07-15T09:22:05.954408" elapsed="0.000027"/>
</kw>
<doc>Test case to search Google and verify results</doc>
<tag>search</tag>
<status status="FAIL" start="2025-07-15T09:21:59.575994" elapsed="6.378655">Page should have contained text 'Java' but did not.</status>
</test>
<status status="FAIL" start="2025-07-15T09:21:27.005180" elapsed="38.950107"/>
</suite>
<statistics>
<total>
<stat pass="1" fail="1" skip="0">All Tests</stat>
</total>
<tag>
<stat pass="1" fail="1" skip="0">search</stat>
</tag>
<suite>
<stat name="Basicrobot" id="s1" pass="1" fail="1" skip="0">Basicrobot</stat>
</suite>
</statistics>
<errors>
</errors>
</robot>
